<?xml version="1.0" encoding="UTF-8"?>
<!DOCTYPE properties SYSTEM "http://java.sun.com/dtd/properties.dtd">
<properties version="1.0">
    <comment>Sample test run arguments</comment>
    <entry key="basicypr">file:///Users/ogckm/Documents/GitHub/ets-geopose10/src/test/resources/sample2_BasicEuler.json</entry>
    <entry key="basicquaternion">file:///Users/ogckm/Documents/GitHub/ets-geopose10/src/test/resources/sample3_BasicQuaternion.json</entry>
    <entry key="advanced">file:///Users/ogckm/Documents/GitHub/ets-geopose10/src/test/resources/sample4_Advanced.json</entry>
    <entry key="ics">class-A,class-B</entry>
</properties>
